0 verbose cli /usr/bin/node /usr/bin/npm
1 info using npm@10.2.4
2 info using node@v20.11.0
3 timing npm:load:whichnode Completed in 8ms
4 timing config:load:defaults Completed in 1ms
5 timing config:load:file:/usr/lib/node_modules/npm/npmrc Completed in 1ms
6 timing config:load:builtin Completed in 1ms
7 timing config:load:cli Completed in 5ms
8 timing config:load:env Completed in 0ms
9 timing config:load:file:/root/node/dash/.npmrc Completed in 0ms
10 timing config:load:project Completed in 4ms
11 timing config:load:file:/root/.npmrc Completed in 0ms
12 timing config:load:user Completed in 0ms
13 timing config:load:file:/usr/etc/npmrc Completed in 0ms
14 timing config:load:global Completed in 0ms
15 timing config:load:setEnvs Completed in 1ms
16 timing config:load Completed in 13ms
17 timing npm:load:configload Completed in 13ms
18 timing config:load:flatten Completed in 2ms
19 timing npm:load:mkdirpcache Completed in 4ms
20 timing npm:load:mkdirplogs Completed in 8ms
21 verbose title npm
22 verbose argv "--cache" "clean"
23 timing npm:load:setTitle Completed in 1ms
24 timing npm:load:display Completed in 0ms
25 verbose logfile logs-max:10 dir:/root/node/dash/clean/_logs/2024-03-20T05_49_36_091Z-
26 verbose logfile /root/node/dash/clean/_logs/2024-03-20T05_49_36_091Z-debug-0.log
27 timing npm:load:logFile Completed in 14ms
28 timing npm:load:timers Completed in 0ms
29 timing npm:load:configScope Completed in 0ms
30 timing npm:load Completed in 66ms
31 verbose exit 1
32 timing npm Completed in 71ms
33 verbose code 1
