server is running
{ username: 'admin', passwd: '1234' }
{ username: 'sumit', passwd: 'sumit@1234' }
[33m[nodemon] 3.0.3[39m
[33m[nodemon] to restart at any time, enter `rs`[39m
[33m[nodemon] watching path(s): *.*[39m
[33m[nodemon] watching extensions: js,mjs,cjs,json[39m
[32m[nodemon] starting `node database.js`[39m
node:events:492
      throw er; // Unhandled 'error' event
      ^

Error: EBADF: bad file descriptor, read
Emitted 'error' event on ReadStream instance at:
    at emitErrorNT (node:internal/streams/destroy:151:8)
    at errorOrDestroy (node:internal/streams/destroy:214:7)
    at node:internal/fs/streams:272:9
    at FSReqCallback.wrapper [as oncomplete] (node:fs:686:5) {
  errno: -9,
  code: 'EBADF',
  syscall: 'read'
}

Node.js v20.10.0
server is running
server is running
{ username: 'admin', passwd: '1234' }
{ username: 'admin', passwd: '1234' }
{ username: 'sumit', passwd: 'sumit@1234' }
{ username: 'admin', passwd: '1234' }
{ username: 'wefwef', passwd: 'ergfe' }
{ username: 'admin', passwd: '1234' }
{ username: 'admin', passwd: '1234' }
{ username: 'sumit', passwd: 'sumit@1234' }
{ username: 'admin', passwd: '1234' }
{ username: 'admin', passwd: '1234' }
{ username: 'admin', passwd: '1234' }
server is running
{ username: 'admin', passwd: '1234' }
{ username: 'admin', passwd: '1234' }
{ username: 'sumit', passwd: 'dcdce' }
{ username: 'sumit', passwd: 'ssdcwmkm' }
{ username: 'sumit', passwd: 'sumit@1234' }
server is running
{ username: 'admin', passwd: '1234' }
{ username: 'wefwe', passwd: 'we' }
{ username: 'admin', passwd: 'sd' }
{ username: 'sdwwed', passwd: 'dfc' }
{ username: 'wdw', passwd: 'wdf' }
{ username: 'admin', passwd: '1234' }
{ username: 'qwd', passwd: 'wd' }
{ username: 'admin', passwd: '1234' }
{ username: 'sdwefw', passwd: '1234' }
{ username: 'admin', passwd: '1234' }
server is running
server is running
{ username: 'admin', passwd: '1234' }
{ username: 'admin', passwd: '1234' }
{ username: 'admin', passwd: '1234' }
{ username: 'admin', passwd: '1234' }
{ username: 'admin', passwd: '1234' }
{ username: 'admin', passwd: '1234' }
{ username: 'admin', passwd: '1234' }
server is running
server is running
{ username: 'admin', passwd: '1234' }
{ username: 'admin', passwd: '1234' }
{ username: 'admin', passwd: '1234' }
{ username: 'admin', passwd: '1234' }
{ username: 'admin', passwd: '1234' }
{ username: 'sumit', passwd: 'sumit@1234' }
{ username: 'admin', passwd: '1234' }
{ username: 'admin', passwd: '1234' }
{ username: 'admin', passwd: '1234' }
{ username: 'admin', passwd: '1234' }
{ username: 'admin', passwd: '1234' }
server is running
